2019-12-30 13:04:57 INFO  MembersDaoPostgres:65 - Connected to Database
2019-12-30 16:33:55 INFO  MembersDaoPostgres:65 - Connected to Database
2020-01-01 11:02:11 INFO  MembersDaoPostgres:75 - Transfered to login_info
2020-01-01 11:02:11 INFO  MembersDaoPostgres:86 - Transfered to member_info
2020-01-01 11:02:11 INFO  MembersDaoPostgres:96 - Transfered to bankacount
2020-01-01 11:15:19 ERROR MembersDaoPostgres:90 - Failed to connect to Database
2020-01-01 11:20:03 ERROR MembersDaoPostgres:90 - Failed to connect to Database
2020-01-01 11:36:29 ERROR MembersDaoPostgres:90 - Failed to connect to Database
2020-01-01 11:38:54 INFO  MembersDaoPostgres:84 - Transfered to login_info
2020-01-01 11:48:49 ERROR MembersDaoPostgres:88 - Failed to connect to Database
2020-01-01 22:52:13 INFO  MembersDaoPostgres:95 - Transfered to login_info
2020-01-02 09:33:20 INFO  MembersDaoPostgres:99 - Transfered to login_info
2020-01-02 19:40:18 ERROR MembersDaoPostgres:96 - Failed to connect to Database
2020-01-02 19:42:55 ERROR MembersDaoPostgres:95 - Failed to connect to Database
2020-01-02 19:44:57 ERROR MembersDaoPostgres:93 - Failed to connect to Database
2020-01-02 19:45:59 ERROR MembersDaoPostgres:92 - Failed to connect to Database
2020-01-02 19:47:31 ERROR MembersDaoPostgres:92 - Failed to connect to Database
2020-01-02 19:48:10 ERROR MembersDaoPostgres:92 - Failed to connect to Database
2020-01-02 19:51:48 ERROR MembersDaoPostgres:92 - Failed to connect to Database
2020-01-02 19:53:20 INFO  MembersDaoPostgres:89 - Transfered to _info
2020-01-02 19:56:59 ERROR MembersDaoPostgres:92 - Failed to connect to Database
2020-01-02 21:26:02 ERROR MembersDaoPostgres:77 - Failed to connect to Database
2020-01-02 21:29:11 ERROR MembersDaoPostgres:76 - Failed to connect to Database
2020-01-02 21:31:07 ERROR MembersDaoPostgres:76 - Failed to connect to Database
2020-01-02 21:32:00 ERROR MembersDaoPostgres:76 - Failed to connect to Database
2020-01-02 21:32:29 ERROR MembersDaoPostgres:76 - Failed to connect to Database
2020-01-02 21:37:12 ERROR MembersDaoPostgres:84 - Failed to connect to Database
2020-01-02 21:38:14 ERROR MembersDaoPostgres:84 - Failed to connect to Database
2020-01-02 21:40:12 ERROR MembersDaoPostgres:84 - Failed to connect to Database
2020-01-02 21:42:58 ERROR MembersDaoPostgres:84 - Failed to connect to Database
2020-01-02 21:47:19 INFO  MembersDaoPostgres:81 - Transfered to _info
2020-01-02 22:17:47 INFO  MembersDaoPostgres:78 - Registered Data into the Database
2020-01-03 10:21:04 INFO  MembersDaoPostgres:78 - Registered Data into the Database
2020-01-03 10:34:05 INFO  MembersDaoPostgres:78 - Registered Data into the Database
